<?xml version="1.0" encoding="UTF-8"?>
<!-- Generated by org.testng.reporters.JUnitReportReporter -->
<testsuite skipped="0" hostname="DESKTOP-7MNH34I" name="com.learnautomation.testcases.LoginTestCRM" tests="1" failures="0" timestamp="2021-06-22T22:52:23 IST" time="9.717" errors="0">
  <testcase name="loginApp" time="9.717" classname="com.learnautomation.testcases.LoginTestCRM"/>
  <system-out/>
</testsuite> <!-- com.learnautomation.testcases.LoginTestCRM -->
